<?xml version="1.0" encoding="UTF-8"?>
<testng-results skipped="8" failed="0" total="8" passed="0">
  <reporter-output>
  </reporter-output>
  <suite name="Command line suite" duration-ms="26" started-at="2017-07-05T09:36:10Z" finished-at="2017-07-05T09:36:10Z">
    <groups>
    </groups>
    <test name="Command line test" duration-ms="26" started-at="2017-07-05T09:36:10Z" finished-at="2017-07-05T09:36:10Z">
      <class name="com.javacodegeeks.testng.selenium.TestNGSeleniumDriverInjectionExample">
        <test-method status="SKIP" signature="springTestContextPrepareTestInstance()[pri:0, instance:com.javacodegeeks.testng.selenium.TestNGSeleniumDriverInjectionExample@7d0587f1]" name="springTestContextPrepareTestInstance" is-config="true" duration-ms="0" started-at="2017-07-05T02:36:10Z" depends-on-methods="org.springframework.test.context.testng.AbstractTestNGSpringContextTests.springTestContextBeforeTestClass" finished-at="2017-07-05T02:36:10Z">
          <reporter-output>
          </reporter-output>
        </test-method> <!-- springTestContextPrepareTestInstance -->
        <test-method status="SKIP" signature="searchGoogle()[pri:0, instance:com.javacodegeeks.testng.selenium.TestNGSeleniumDriverInjectionExample@7d0587f1]" name="searchGoogle" duration-ms="1" started-at="2017-07-05T02:36:10Z" finished-at="2017-07-05T02:36:10Z">
          <reporter-output>
          </reporter-output>
        </test-method> <!-- searchGoogle -->
        <test-method status="SKIP" signature="springTestContextBeforeTestMethod(java.lang.reflect.Method)[pri:0, instance:com.javacodegeeks.testng.selenium.TestNGSeleniumDriverInjectionExample@7d0587f1]" name="springTestContextBeforeTestMethod" is-config="true" duration-ms="0" started-at="2017-07-05T02:36:10Z" finished-at="2017-07-05T02:36:10Z">
          <reporter-output>
          </reporter-output>
        </test-method> <!-- springTestContextBeforeTestMethod -->
        <test-method status="SKIP" signature="printBrowserUsed()[pri:0, instance:com.javacodegeeks.testng.selenium.TestNGSeleniumDriverInjectionExample@7d0587f1]" name="printBrowserUsed" is-config="true" duration-ms="0" started-at="2017-07-05T02:36:10Z" finished-at="2017-07-05T02:36:10Z">
          <reporter-output>
          </reporter-output>
        </test-method> <!-- printBrowserUsed -->
        <test-method status="SKIP" signature="springTestContextBeforeTestClass()[pri:0, instance:com.javacodegeeks.testng.selenium.TestNGSeleniumDriverInjectionExample@7d0587f1]" name="springTestContextBeforeTestClass" is-config="true" duration-ms="0" started-at="2017-07-05T02:36:10Z" finished-at="2017-07-05T02:36:10Z">
          <reporter-output>
          </reporter-output>
        </test-method> <!-- springTestContextBeforeTestClass -->
        <test-method status="PASS" signature="springTestContextAfterTestMethod(java.lang.reflect.Method)[pri:0, instance:com.javacodegeeks.testng.selenium.TestNGSeleniumDriverInjectionExample@7d0587f1]" name="springTestContextAfterTestMethod" is-config="true" duration-ms="0" started-at="2017-07-05T02:36:10Z" finished-at="2017-07-05T02:36:10Z">
          <params>
            <param index="0">
              <value>
                <![CDATA[public void com.javacodegeeks.testng.selenium.TestNGSeleniumDriverInjectionExample.searchGoogle()]]>
              </value>
            </param>
          </params>
          <reporter-output>
          </reporter-output>
        </test-method> <!-- springTestContextAfterTestMethod -->
        <test-method status="PASS" signature="springTestContextAfterTestClass()[pri:0, instance:com.javacodegeeks.testng.selenium.TestNGSeleniumDriverInjectionExample@7d0587f1]" name="springTestContextAfterTestClass" is-config="true" duration-ms="0" started-at="2017-07-05T02:36:10Z" finished-at="2017-07-05T02:36:10Z">
          <reporter-output>
          </reporter-output>
        </test-method> <!-- springTestContextAfterTestClass -->
      </class> <!-- com.javacodegeeks.testng.selenium.TestNGSeleniumDriverInjectionExample -->
      <class name="com.javacodegeeks.testng.selenium.TestNGSeleniumBrowserCfgExample">
        <test-method status="FAIL" signature="initDriver(java.lang.String, java.lang.String)[pri:0, instance:com.javacodegeeks.testng.selenium.TestNGSeleniumBrowserCfgExample@22a67b4]" name="initDriver" is-config="true" duration-ms="0" started-at="2017-07-05T02:36:10Z" finished-at="2017-07-05T02:36:10Z">
          <exception class="org.testng.TestNGException">
            <message>
              <![CDATA[
Parameter 'browser' is required by @Configuration on method initDriver but has not been marked @Optional or defined
]]>
            </message>
            <full-stacktrace>
              <![CDATA[org.testng.TestNGException: 
Parameter 'browser' is required by @Configuration on method initDriver but has not been marked @Optional or defined

	at org.testng.internal.Parameters.createParameters(Parameters.java:155)
	at org.testng.internal.Parameters.createParameters(Parameters.java:358)
	at org.testng.internal.Parameters.createConfigurationParameters(Parameters.java:86)
	at org.testng.internal.Invoker.invokeConfigurations(Invoker.java:199)
	at org.testng.internal.Invoker.invokeConfigurations(Invoker.java:138)
	at org.testng.TestRunner.beforeRun(TestRunner.java:641)
	at org.testng.TestRunner.run(TestRunner.java:609)
	at org.testng.SuiteRunner.runTest(SuiteRunner.java:348)
	at org.testng.SuiteRunner.runSequentially(SuiteRunner.java:343)
	at org.testng.SuiteRunner.privateRun(SuiteRunner.java:305)
	at org.testng.SuiteRunner.run(SuiteRunner.java:254)
	at org.testng.SuiteRunnerWorker.runSuite(SuiteRunnerWorker.java:52)
	at org.testng.SuiteRunnerWorker.run(SuiteRunnerWorker.java:86)
	at org.testng.TestNG.runSuitesSequentially(TestNG.java:1224)
	at org.testng.TestNG.runSuitesLocally(TestNG.java:1149)
	at org.testng.TestNG.run(TestNG.java:1057)
	at org.apache.maven.surefire.testng.TestNGExecutor.run(TestNGExecutor.java:77)
	at org.apache.maven.surefire.testng.TestNGDirectoryTestSuite.executeMulti(TestNGDirectoryTestSuite.java:159)
	at org.apache.maven.surefire.testng.TestNGDirectoryTestSuite.execute(TestNGDirectoryTestSuite.java:99)
	at org.apache.maven.surefire.testng.TestNGProvider.invoke(TestNGProvider.java:106)
	at sun.reflect.NativeMethodAccessorImpl.invoke0(Native Method)
	at sun.reflect.NativeMethodAccessorImpl.invoke(NativeMethodAccessorImpl.java:62)
	at sun.reflect.DelegatingMethodAccessorImpl.invoke(DelegatingMethodAccessorImpl.java:43)
	at java.lang.reflect.Method.invoke(Method.java:498)
	at org.apache.maven.surefire.util.ReflectionUtils.invokeMethodWithArray(ReflectionUtils.java:189)
	at org.apache.maven.surefire.booter.ProviderFactory$ProviderProxy.invoke(ProviderFactory.java:165)
	at org.apache.maven.surefire.booter.ProviderFactory.invokeProvider(ProviderFactory.java:85)
	at org.apache.maven.surefire.booter.ForkedBooter.runSuitesInProcess(ForkedBooter.java:115)
	at org.apache.maven.surefire.booter.ForkedBooter.main(ForkedBooter.java:75)
]]>
            </full-stacktrace>
          </exception> <!-- org.testng.TestNGException -->
          <reporter-output>
          </reporter-output>
        </test-method> <!-- initDriver -->
        <test-method status="SKIP" signature="searchGoogle(java.lang.String)[pri:0, instance:com.javacodegeeks.testng.selenium.TestNGSeleniumBrowserCfgExample@22a67b4]" name="searchGoogle" duration-ms="0" started-at="2017-07-05T02:36:10Z" data-provider="searchStrings" finished-at="2017-07-05T02:36:10Z">
          <params>
            <param index="0">
              <value>
                <![CDATA[Selenium]]>
              </value>
            </param>
          </params>
          <reporter-output>
          </reporter-output>
        </test-method> <!-- searchGoogle -->
        <test-method status="SKIP" signature="searchGoogle(java.lang.String)[pri:0, instance:com.javacodegeeks.testng.selenium.TestNGSeleniumBrowserCfgExample@22a67b4]" name="searchGoogle" duration-ms="0" started-at="2017-07-05T02:36:10Z" data-provider="searchStrings" finished-at="2017-07-05T02:36:10Z">
          <params>
            <param index="0">
              <value>
                <![CDATA[TestNG]]>
              </value>
            </param>
          </params>
          <reporter-output>
          </reporter-output>
        </test-method> <!-- searchGoogle -->
        <test-method status="SKIP" signature="quitDriver()[pri:0, instance:com.javacodegeeks.testng.selenium.TestNGSeleniumBrowserCfgExample@22a67b4]" name="quitDriver" is-config="true" duration-ms="0" started-at="2017-07-05T02:36:10Z" finished-at="2017-07-05T02:36:10Z">
          <reporter-output>
          </reporter-output>
        </test-method> <!-- quitDriver -->
      </class> <!-- com.javacodegeeks.testng.selenium.TestNGSeleniumBrowserCfgExample -->
      <class name="com.javacodegeeks.testng.selenium.TestNGSeleniumDependentMethodExample">
        <test-method status="SKIP" signature="springTestContextPrepareTestInstance()[pri:0, instance:com.javacodegeeks.testng.selenium.TestNGSeleniumDependentMethodExample@1e6d1014]" name="springTestContextPrepareTestInstance" is-config="true" duration-ms="0" started-at="2017-07-05T02:36:10Z" depends-on-methods="org.springframework.test.context.testng.AbstractTestNGSpringContextTests.springTestContextBeforeTestClass" finished-at="2017-07-05T02:36:10Z">
          <reporter-output>
          </reporter-output>
        </test-method> <!-- springTestContextPrepareTestInstance -->
        <test-method status="SKIP" signature="printBrowserUsed()[pri:0, instance:com.javacodegeeks.testng.selenium.TestNGSeleniumDependentMethodExample@1e6d1014]" name="printBrowserUsed" is-config="true" duration-ms="0" started-at="2017-07-05T02:36:10Z" finished-at="2017-07-05T02:36:10Z">
          <reporter-output>
          </reporter-output>
        </test-method> <!-- printBrowserUsed -->
        <test-method status="SKIP" signature="springTestContextBeforeTestClass()[pri:0, instance:com.javacodegeeks.testng.selenium.TestNGSeleniumDependentMethodExample@1e6d1014]" name="springTestContextBeforeTestClass" is-config="true" duration-ms="0" started-at="2017-07-05T02:36:10Z" finished-at="2017-07-05T02:36:10Z">
          <reporter-output>
          </reporter-output>
        </test-method> <!-- springTestContextBeforeTestClass -->
        <test-method status="SKIP" signature="searchTestNGInJCG()[pri:0, instance:com.javacodegeeks.testng.selenium.TestNGSeleniumDependentMethodExample@1e6d1014]" name="searchTestNGInJCG" duration-ms="1" started-at="2017-07-05T02:36:10Z" finished-at="2017-07-05T02:36:10Z">
          <reporter-output>
          </reporter-output>
        </test-method> <!-- searchTestNGInJCG -->
        <test-method status="SKIP" signature="springTestContextBeforeTestMethod(java.lang.reflect.Method)[pri:0, instance:com.javacodegeeks.testng.selenium.TestNGSeleniumDependentMethodExample@1e6d1014]" name="springTestContextBeforeTestMethod" is-config="true" duration-ms="0" started-at="2017-07-05T02:36:10Z" finished-at="2017-07-05T02:36:10Z">
          <reporter-output>
          </reporter-output>
        </test-method> <!-- springTestContextBeforeTestMethod -->
        <test-method status="PASS" signature="springTestContextAfterTestMethod(java.lang.reflect.Method)[pri:0, instance:com.javacodegeeks.testng.selenium.TestNGSeleniumDependentMethodExample@1e6d1014]" name="springTestContextAfterTestMethod" is-config="true" duration-ms="1" started-at="2017-07-05T02:36:10Z" finished-at="2017-07-05T02:36:10Z">
          <params>
            <param index="0">
              <value>
                <![CDATA[public void com.javacodegeeks.testng.selenium.TestNGSeleniumDependentMethodExample.searchTestNGInJCG()]]>
              </value>
            </param>
          </params>
          <reporter-output>
          </reporter-output>
        </test-method> <!-- springTestContextAfterTestMethod -->
        <test-method status="SKIP" signature="clickOnJCGTestNGArticle()[pri:0, instance:com.javacodegeeks.testng.selenium.TestNGSeleniumDependentMethodExample@1e6d1014]" name="clickOnJCGTestNGArticle" duration-ms="0" started-at="2017-07-05T02:36:10Z" depends-on-methods="com.javacodegeeks.testng.selenium.TestNGSeleniumDependentMethodExample.searchTestNGInJCG" finished-at="2017-07-05T02:36:10Z">
          <reporter-output>
          </reporter-output>
        </test-method> <!-- clickOnJCGTestNGArticle -->
        <test-method status="PASS" signature="springTestContextAfterTestClass()[pri:0, instance:com.javacodegeeks.testng.selenium.TestNGSeleniumDependentMethodExample@1e6d1014]" name="springTestContextAfterTestClass" is-config="true" duration-ms="1" started-at="2017-07-05T02:36:10Z" finished-at="2017-07-05T02:36:10Z">
          <reporter-output>
          </reporter-output>
        </test-method> <!-- springTestContextAfterTestClass -->
      </class> <!-- com.javacodegeeks.testng.selenium.TestNGSeleniumDependentMethodExample -->
      <class name="com.javacodegeeks.testng.selenium.TestNGSeleniumSimpleSearchExample">
        <test-method status="PASS" signature="initDriver()[pri:0, instance:com.javacodegeeks.testng.selenium.TestNGSeleniumSimpleSearchExample@1f554b06]" name="initDriver" is-config="true" duration-ms="8320" started-at="2017-07-05T02:36:01Z" finished-at="2017-07-05T02:36:10Z">
          <reporter-output>
          </reporter-output>
        </test-method> <!-- initDriver -->
        <test-method status="SKIP" signature="searchTestNGInGoogle()[pri:0, instance:com.javacodegeeks.testng.selenium.TestNGSeleniumSimpleSearchExample@1f554b06]" name="searchTestNGInGoogle" duration-ms="0" started-at="2017-07-05T02:36:10Z" finished-at="2017-07-05T02:36:10Z">
          <reporter-output>
          </reporter-output>
        </test-method> <!-- searchTestNGInGoogle -->
      </class> <!-- com.javacodegeeks.testng.selenium.TestNGSeleniumSimpleSearchExample -->
      <class name="com.javacodegeeks.testng.selenium.TestNGSeleniumDataDrivenSearchExample">
        <test-method status="SKIP" signature="springTestContextBeforeTestClass()[pri:0, instance:com.javacodegeeks.testng.selenium.TestNGSeleniumDataDrivenSearchExample@2a17b7b6]" name="springTestContextBeforeTestClass" is-config="true" duration-ms="0" started-at="2017-07-05T02:36:10Z" finished-at="2017-07-05T02:36:10Z">
          <reporter-output>
          </reporter-output>
        </test-method> <!-- springTestContextBeforeTestClass -->
        <test-method status="SKIP" signature="printBrowserUsed()[pri:0, instance:com.javacodegeeks.testng.selenium.TestNGSeleniumDataDrivenSearchExample@2a17b7b6]" name="printBrowserUsed" is-config="true" duration-ms="0" started-at="2017-07-05T02:36:10Z" finished-at="2017-07-05T02:36:10Z">
          <reporter-output>
          </reporter-output>
        </test-method> <!-- printBrowserUsed -->
        <test-method status="SKIP" signature="springTestContextPrepareTestInstance()[pri:0, instance:com.javacodegeeks.testng.selenium.TestNGSeleniumDataDrivenSearchExample@2a17b7b6]" name="springTestContextPrepareTestInstance" is-config="true" duration-ms="0" started-at="2017-07-05T02:36:10Z" depends-on-methods="org.springframework.test.context.testng.AbstractTestNGSpringContextTests.springTestContextBeforeTestClass" finished-at="2017-07-05T02:36:10Z">
          <reporter-output>
          </reporter-output>
        </test-method> <!-- springTestContextPrepareTestInstance -->
        <test-method status="PASS" signature="springTestContextAfterTestMethod(java.lang.reflect.Method)[pri:0, instance:com.javacodegeeks.testng.selenium.TestNGSeleniumDataDrivenSearchExample@2a17b7b6]" name="springTestContextAfterTestMethod" is-config="true" duration-ms="1" started-at="2017-07-05T02:36:10Z" finished-at="2017-07-05T02:36:10Z">
          <params>
            <param index="0">
              <value>
                <![CDATA[public void com.javacodegeeks.testng.selenium.TestNGSeleniumDataDrivenSearchExample.searchGoogle(java.lang.String)]]>
              </value>
            </param>
          </params>
          <reporter-output>
          </reporter-output>
        </test-method> <!-- springTestContextAfterTestMethod -->
        <test-method status="SKIP" signature="searchGoogle(java.lang.String)[pri:0, instance:com.javacodegeeks.testng.selenium.TestNGSeleniumDataDrivenSearchExample@2a17b7b6]" name="searchGoogle" duration-ms="0" started-at="2017-07-05T02:36:10Z" data-provider="searchStrings" finished-at="2017-07-05T02:36:10Z">
          <params>
            <param index="0">
              <value>
                <![CDATA[TestNG]]>
              </value>
            </param>
          </params>
          <reporter-output>
          </reporter-output>
        </test-method> <!-- searchGoogle -->
        <test-method status="SKIP" signature="springTestContextBeforeTestMethod(java.lang.reflect.Method)[pri:0, instance:com.javacodegeeks.testng.selenium.TestNGSeleniumDataDrivenSearchExample@2a17b7b6]" name="springTestContextBeforeTestMethod" is-config="true" duration-ms="0" started-at="2017-07-05T02:36:10Z" finished-at="2017-07-05T02:36:10Z">
          <reporter-output>
          </reporter-output>
        </test-method> <!-- springTestContextBeforeTestMethod -->
        <test-method status="SKIP" signature="searchGoogle(java.lang.String)[pri:0, instance:com.javacodegeeks.testng.selenium.TestNGSeleniumDataDrivenSearchExample@2a17b7b6]" name="searchGoogle" duration-ms="0" started-at="2017-07-05T02:36:10Z" data-provider="searchStrings" finished-at="2017-07-05T02:36:10Z">
          <params>
            <param index="0">
              <value>
                <![CDATA[Selenium]]>
              </value>
            </param>
          </params>
          <reporter-output>
          </reporter-output>
        </test-method> <!-- searchGoogle -->
        <test-method status="PASS" signature="springTestContextAfterTestClass()[pri:0, instance:com.javacodegeeks.testng.selenium.TestNGSeleniumDataDrivenSearchExample@2a17b7b6]" name="springTestContextAfterTestClass" is-config="true" duration-ms="0" started-at="2017-07-05T02:36:10Z" finished-at="2017-07-05T02:36:10Z">
          <reporter-output>
          </reporter-output>
        </test-method> <!-- springTestContextAfterTestClass -->
        <test-method status="PASS" signature="springTestContextAfterTestMethod(java.lang.reflect.Method)[pri:0, instance:com.javacodegeeks.testng.selenium.TestNGSeleniumDataDrivenSearchExample@2a17b7b6]" name="springTestContextAfterTestMethod" is-config="true" duration-ms="0" started-at="2017-07-05T02:36:10Z" finished-at="2017-07-05T02:36:10Z">
          <params>
            <param index="0">
              <value>
                <![CDATA[public void com.javacodegeeks.testng.selenium.TestNGSeleniumDataDrivenSearchExample.searchGoogle(java.lang.String)]]>
              </value>
            </param>
          </params>
          <reporter-output>
          </reporter-output>
        </test-method> <!-- springTestContextAfterTestMethod -->
        <test-method status="SKIP" signature="springTestContextBeforeTestMethod(java.lang.reflect.Method)[pri:0, instance:com.javacodegeeks.testng.selenium.TestNGSeleniumDataDrivenSearchExample@2a17b7b6]" name="springTestContextBeforeTestMethod" is-config="true" duration-ms="0" started-at="2017-07-05T02:36:10Z" finished-at="2017-07-05T02:36:10Z">
          <reporter-output>
          </reporter-output>
        </test-method> <!-- springTestContextBeforeTestMethod -->
        <test-method status="SKIP" signature="quitDriver()[pri:0, instance:com.javacodegeeks.testng.selenium.TestNGSeleniumDataDrivenSearchExample@2a17b7b6]" name="quitDriver" is-config="true" duration-ms="0" started-at="2017-07-05T02:36:10Z" finished-at="2017-07-05T02:36:10Z">
          <reporter-output>
          </reporter-output>
        </test-method> <!-- quitDriver -->
        <test-method status="SKIP" signature="quitDriver()[pri:0, instance:com.javacodegeeks.testng.selenium.TestNGSeleniumDriverInjectionExample@7d0587f1]" name="quitDriver" is-config="true" duration-ms="0" started-at="2017-07-05T02:36:10Z" finished-at="2017-07-05T02:36:10Z">
          <reporter-output>
          </reporter-output>
        </test-method> <!-- quitDriver -->
        <test-method status="SKIP" signature="quitDriver()[pri:0, instance:com.javacodegeeks.testng.selenium.TestNGSeleniumDependentMethodExample@1e6d1014]" name="quitDriver" is-config="true" duration-ms="0" started-at="2017-07-05T02:36:10Z" finished-at="2017-07-05T02:36:10Z">
          <reporter-output>
          </reporter-output>
        </test-method> <!-- quitDriver -->
        <test-method status="SKIP" signature="quitDriver()[pri:0, instance:com.javacodegeeks.testng.selenium.TestNGSeleniumSimpleSearchExample@1f554b06]" name="quitDriver" is-config="true" duration-ms="0" started-at="2017-07-05T02:36:10Z" finished-at="2017-07-05T02:36:10Z">
          <reporter-output>
          </reporter-output>
        </test-method> <!-- quitDriver -->
      </class> <!-- com.javacodegeeks.testng.selenium.TestNGSeleniumDataDrivenSearchExample -->
    </test> <!-- Command line test -->
  </suite> <!-- Command line suite -->
</testng-results>
