<?xml version="1.0" encoding="UTF-8" ?>
<testsuite tests="27" failures="1" name="TestSuite" time="43.936" errors="0" skipped="26">
  <properties>
[...]
</properties>
  <testcase classname="com.javacodegeeks.testng.selenium.TestNGSeleniumBrowserCfgExample" name="initDriver" time="8.763">
    <failure message="
Parameter &apos;browser&apos; is required by @Configuration on method initDriver but has not been marked @Optional or defined
" type="org.testng.TestNGException">org.testng.TestNGException: 
Parameter &apos;browser&apos; is required by @Configuration on method initDriver but has not been marked @Optional or defined

	at org.testng.internal.Parameters.createParameters(Parameters.java:155)
	at org.testng.internal.Parameters.createParameters(Parameters.java:358)
	at org.testng.internal.Parameters.createConfigurationParameters(Parameters.java:86)
	at org.testng.internal.Invoker.invokeConfigurations(Invoker.java:199)
	at org.testng.internal.Invoker.invokeConfigurations(Invoker.java:138)
	at org.testng.TestRunner.beforeRun(TestRunner.java:641)
	at org.testng.TestRunner.run(TestRunner.java:609)
	at org.testng.SuiteRunner.runTest(SuiteRunner.java:348)
	at org.testng.SuiteRunner.runSequentially(SuiteRunner.java:343)
	at org.testng.SuiteRunner.privateRun(SuiteRunner.java:305)
	at org.testng.SuiteRunner.run(SuiteRunner.java:254)
	at org.testng.SuiteRunnerWorker.runSuite(SuiteRunnerWorker.java:52)
	at org.testng.SuiteRunnerWorker.run(SuiteRunnerWorker.java:86)
	at org.testng.TestNG.runSuitesSequentially(TestNG.java:1224)
	at org.testng.TestNG.runSuitesLocally(TestNG.java:1149)
	at org.testng.TestNG.run(TestNG.java:1057)
	at org.apache.maven.surefire.testng.TestNGExecutor.run(TestNGExecutor.java:77)
	at org.apache.maven.surefire.testng.TestNGDirectoryTestSuite.executeMulti(TestNGDirectoryTestSuite.java:159)
	at org.apache.maven.surefire.testng.TestNGDirectoryTestSuite.execute(TestNGDirectoryTestSuite.java:99)
	at org.apache.maven.surefire.testng.TestNGProvider.invoke(TestNGProvider.java:106)
	at sun.reflect.NativeMethodAccessorImpl.invoke0(Native Method)
	at sun.reflect.NativeMethodAccessorImpl.invoke(NativeMethodAccessorImpl.java:62)
	at sun.reflect.DelegatingMethodAccessorImpl.invoke(DelegatingMethodAccessorImpl.java:43)
	at java.lang.reflect.Method.invoke(Method.java:498)
	at org.apache.maven.surefire.util.ReflectionUtils.invokeMethodWithArray(ReflectionUtils.java:189)
	at org.apache.maven.surefire.booter.ProviderFactory$ProviderProxy.invoke(ProviderFactory.java:165)
	at org.apache.maven.surefire.booter.ProviderFactory.invokeProvider(ProviderFactory.java:85)
	at org.apache.maven.surefire.booter.ForkedBooter.runSuitesInProcess(ForkedBooter.java:115)
	at org.apache.maven.surefire.booter.ForkedBooter.main(ForkedBooter.java:75)
</failure>
    <system-out>Configuring TestNG with: org.apache.maven.surefire.testng.conf.TestNG652Configurator@1996cd68
You are testing in firefox
</system-out>
    <system-err>Jul 05, 2017 2:36:01 AM org.springframework.test.context.support.DefaultTestContextBootstrapper instantiateListeners
INFO: Could not instantiate TestExecutionListener [org.springframework.test.context.web.ServletTestExecutionListener]. Specify custom listener classes or make the default listener classes (and their required dependencies) available. Offending class: [javax/servlet/ServletContext]
Jul 05, 2017 2:36:01 AM org.springframework.test.context.support.DefaultTestContextBootstrapper getTestExecutionListeners
INFO: Using TestExecutionListeners: [org.springframework.test.context.support.DependencyInjectionTestExecutionListener@eec5a4a, org.springframework.test.context.support.DirtiesContextTestExecutionListener@2b2948e2]
Jul 05, 2017 2:36:01 AM org.springframework.test.context.support.DefaultTestContextBootstrapper instantiateListeners
INFO: Could not instantiate TestExecutionListener [org.springframework.test.context.web.ServletTestExecutionListener]. Specify custom listener classes or make the default listener classes (and their required dependencies) available. Offending class: [javax/servlet/ServletContext]
Jul 05, 2017 2:36:01 AM org.springframework.test.context.support.DefaultTestContextBootstrapper getTestExecutionListeners
INFO: Using TestExecutionListeners: [org.springframework.test.context.support.DependencyInjectionTestExecutionListener@57536d79, org.springframework.test.context.support.DirtiesContextTestExecutionListener@3b0143d3]
Jul 05, 2017 2:36:01 AM org.springframework.test.context.support.DefaultTestContextBootstrapper instantiateListeners
INFO: Could not instantiate TestExecutionListener [org.springframework.test.context.web.ServletTestExecutionListener]. Specify custom listener classes or make the default listener classes (and their required dependencies) available. Offending class: [javax/servlet/ServletContext]
Jul 05, 2017 2:36:01 AM org.springframework.test.context.support.DefaultTestContextBootstrapper getTestExecutionListeners
INFO: Using TestExecutionListeners: [org.springframework.test.context.support.DependencyInjectionTestExecutionListener@4b4523f8, org.springframework.test.context.support.DirtiesContextTestExecutionListener@731a74c]
</system-err>
  </testcase>
  <testcase classname="com.javacodegeeks.testng.selenium.TestNGSeleniumDependentMethodExample" name="springTestContextBeforeTestClass" time="8.764">
    <skipped/>
  </testcase>
  <testcase classname="com.javacodegeeks.testng.selenium.TestNGSeleniumDependentMethodExample" name="springTestContextPrepareTestInstance" time="8.764">
    <skipped/>
  </testcase>
  <testcase classname="com.javacodegeeks.testng.selenium.TestNGSeleniumDependentMethodExample" name="printBrowserUsed" time="8.764">
    <skipped/>
  </testcase>
  <testcase classname="com.javacodegeeks.testng.selenium.TestNGSeleniumDependentMethodExample" name="springTestContextBeforeTestMethod" time="8.764">
    <skipped/>
  </testcase>
  <testcase classname="com.javacodegeeks.testng.selenium.TestNGSeleniumDependentMethodExample" name="searchTestNGInJCG" time="0">
    <skipped/>
  </testcase>
  <testcase classname="com.javacodegeeks.testng.selenium.TestNGSeleniumSimpleSearchExample" name="searchTestNGInGoogle" time="0">
    <skipped/>
  </testcase>
  <testcase classname="com.javacodegeeks.testng.selenium.TestNGSeleniumDriverInjectionExample" name="springTestContextBeforeTestClass" time="0">
    <skipped/>
  </testcase>
  <testcase classname="com.javacodegeeks.testng.selenium.TestNGSeleniumDriverInjectionExample" name="springTestContextPrepareTestInstance" time="0">
    <skipped/>
  </testcase>
  <testcase classname="com.javacodegeeks.testng.selenium.TestNGSeleniumDriverInjectionExample" name="printBrowserUsed" time="0">
    <skipped/>
  </testcase>
  <testcase classname="com.javacodegeeks.testng.selenium.TestNGSeleniumDriverInjectionExample" name="springTestContextBeforeTestMethod" time="0">
    <skipped/>
  </testcase>
  <testcase classname="com.javacodegeeks.testng.selenium.TestNGSeleniumDriverInjectionExample" name="searchGoogle" time="0">
    <skipped/>
  </testcase>
  <testcase classname="com.javacodegeeks.testng.selenium.TestNGSeleniumDataDrivenSearchExample" name="springTestContextBeforeTestClass" time="0">
    <skipped/>
  </testcase>
  <testcase classname="com.javacodegeeks.testng.selenium.TestNGSeleniumDataDrivenSearchExample" name="springTestContextPrepareTestInstance" time="0">
    <skipped/>
  </testcase>
  <testcase classname="com.javacodegeeks.testng.selenium.TestNGSeleniumDataDrivenSearchExample" name="printBrowserUsed" time="0">
    <skipped/>
  </testcase>
  <testcase classname="com.javacodegeeks.testng.selenium.TestNGSeleniumDataDrivenSearchExample" name="springTestContextBeforeTestMethod" time="0.001">
    <skipped/>
  </testcase>
  <testcase classname="com.javacodegeeks.testng.selenium.TestNGSeleniumDataDrivenSearchExample" name="searchGoogle" time="0">
    <skipped/>
  </testcase>
  <testcase classname="com.javacodegeeks.testng.selenium.TestNGSeleniumDataDrivenSearchExample" name="springTestContextBeforeTestMethod" time="0.001">
    <skipped/>
  </testcase>
  <testcase classname="com.javacodegeeks.testng.selenium.TestNGSeleniumDataDrivenSearchExample" name="searchGoogle" time="0">
    <skipped/>
  </testcase>
  <testcase classname="com.javacodegeeks.testng.selenium.TestNGSeleniumBrowserCfgExample" name="searchGoogle" time="0">
    <skipped/>
  </testcase>
  <testcase classname="com.javacodegeeks.testng.selenium.TestNGSeleniumBrowserCfgExample" name="searchGoogle" time="0">
    <skipped/>
  </testcase>
  <testcase classname="com.javacodegeeks.testng.selenium.TestNGSeleniumDependentMethodExample" name="clickOnJCGTestNGArticle" time="0.001">
    <skipped/>
  </testcase>
  <testcase classname="com.javacodegeeks.testng.selenium.TestNGSeleniumBrowserCfgExample" name="quitDriver" time="0.002">
    <skipped/>
  </testcase>
  <testcase classname="com.javacodegeeks.testng.selenium.TestNGSeleniumDataDrivenSearchExample" name="quitDriver" time="0.028">
    <skipped/>
  </testcase>
  <testcase classname="com.javacodegeeks.testng.selenium.TestNGSeleniumDataDrivenSearchExample" name="quitDriver" time="0.028">
    <skipped/>
  </testcase>
  <testcase classname="com.javacodegeeks.testng.selenium.TestNGSeleniumDataDrivenSearchExample" name="quitDriver" time="0.028">
    <skipped/>
  </testcase>
  <testcase classname="com.javacodegeeks.testng.selenium.TestNGSeleniumDataDrivenSearchExample" name="quitDriver" time="0.028">
    <skipped/>
  </testcase>
</testsuite>